c:\users\l2405\source\repos\text-based-incremental-rpg-game\text-based-incremental-rpg-game\x64\debug\vc143.pdb
c:\users\l2405\source\repos\text-based-incremental-rpg-game\text-based-incremental-rpg-game\x64\debug\vc143.idb
c:\users\l2405\source\repos\text-based-incremental-rpg-game\text-based-incremental-rpg-game\x64\debug\theme.obj
c:\users\l2405\source\repos\text-based-incremental-rpg-game\text-based-incremental-rpg-game\x64\debug\font-manager..obj
c:\users\l2405\source\repos\text-based-incremental-rpg-game\text-based-incremental-rpg-game\x64\debug\main-menu.obj
c:\users\l2405\source\repos\text-based-incremental-rpg-game\text-based-incremental-rpg-game\x64\debug\game.obj
c:\users\l2405\source\repos\text-based-incremental-rpg-game\text-based-incremental-rpg-game\x64\debug\main.obj
c:\users\l2405\source\repos\text-based-incremental-rpg-game\text-based-incremental-rpg-game\x64\debug\imagetocodeconverter.obj
c:\users\l2405\source\repos\text-based-incremental-rpg-game\x64\debug\text-based-incremental-rpg-game.exe
c:\users\l2405\source\repos\text-based-incremental-rpg-game\x64\debug\text-based-incremental-rpg-game.pdb
c:\users\l2405\source\repos\text-based-incremental-rpg-game\text-based-incremental-rpg-game\x64\debug\resources.res
c:\users\l2405\source\repos\text-based-incremental-rpg-game\x64\debug\raylib.dll
c:\users\l2405\source\repos\text-based-incremental-rpg-game\x64\debug\glfw3.dll
c:\users\l2405\source\repos\text-based-incremental-rpg-game\text-based-incremental-rpg-game\x64\debug\text-based-incremental-rpg-game.ilk
c:\users\l2405\source\repos\text-based-incremental-rpg-game\text-based-incremental-rpg-game\x64\debug\resource.res
c:\users\l2405\source\repos\text-based-incremental-rpg-game\text-based-incremental-rpg-game\x64\debug\text-bas.6bbaf6df.tlog\cl.command.1.tlog
c:\users\l2405\source\repos\text-based-incremental-rpg-game\text-based-incremental-rpg-game\x64\debug\text-bas.6bbaf6df.tlog\cl.items.tlog
c:\users\l2405\source\repos\text-based-incremental-rpg-game\text-based-incremental-rpg-game\x64\debug\text-bas.6bbaf6df.tlog\cl.read.1.tlog
c:\users\l2405\source\repos\text-based-incremental-rpg-game\text-based-incremental-rpg-game\x64\debug\text-bas.6bbaf6df.tlog\cl.write.1.tlog
c:\users\l2405\source\repos\text-based-incremental-rpg-game\text-based-incremental-rpg-game\x64\debug\text-bas.6bbaf6df.tlog\link.command.1.tlog
c:\users\l2405\source\repos\text-based-incremental-rpg-game\text-based-incremental-rpg-game\x64\debug\text-bas.6bbaf6df.tlog\link.read.1.tlog
c:\users\l2405\source\repos\text-based-incremental-rpg-game\text-based-incremental-rpg-game\x64\debug\text-bas.6bbaf6df.tlog\link.secondary.1.tlog
c:\users\l2405\source\repos\text-based-incremental-rpg-game\text-based-incremental-rpg-game\x64\debug\text-bas.6bbaf6df.tlog\link.write.1.tlog
c:\users\l2405\source\repos\text-based-incremental-rpg-game\text-based-incremental-rpg-game\x64\debug\text-bas.6bbaf6df.tlog\rc.command.1.tlog
c:\users\l2405\source\repos\text-based-incremental-rpg-game\text-based-incremental-rpg-game\x64\debug\text-bas.6bbaf6df.tlog\rc.read.1.tlog
c:\users\l2405\source\repos\text-based-incremental-rpg-game\text-based-incremental-rpg-game\x64\debug\text-bas.6bbaf6df.tlog\rc.write.1.tlog
c:\users\l2405\source\repos\text-based-incremental-rpg-game\text-based-incremental-rpg-game\x64\debug\text-bas.6bbaf6df.tlog\text-based-incremental-rpg-game.write.1u.tlog
